<?xml version="1.0" encoding="UTF-8"?>
<testsuite xmlns:xsi="http://www.w3.org/2001/XMLSchema-instance" xsi:noNamespaceSchemaLocation="https://maven.apache.org/surefire/maven-surefire-plugin/xsd/surefire-test-report-3.0.xsd" version="3.0" name="com.plant.backend.PlantBackendApplicationTests" time="7.477" tests="1" errors="0" skipped="0" failures="0">
  <properties>
[...]
</properties>
  <testcase name="contextLoads" classname="com.plant.backend.PlantBackendApplicationTests" time="2.748">
    <system-out><![CDATA[10:59:49.973 [main] INFO org.springframework.test.context.support.AnnotationConfigContextLoaderUtils -- Could not detect default configuration classes for test class [com.plant.backend.PlantBackendApplicationTests]: PlantBackendApplicationTests does not declare any static, non-private, non-final, nested classes annotated with @Configuration.
10:59:50.058 [main] INFO org.springframework.boot.test.context.SpringBootTestContextBootstrapper -- Found @SpringBootConfiguration com.plant.backend.PlantBackendApplication for test class com.plant.backend.PlantBackendApplicationTests

  .   ____          _            __ _ _
 /\\ / ___'_ __ _ _(_)_ __  __ _ \ \ \ \
( ( )\___ | '_ | '_| | '_ \/ _` | \ \ \ \
 \\/  ___)| |_)| | | | | || (_| |  ) ) ) )
  '  |____| .__|_| |_|_| |_\__, | / / / /
 =========|_|==============|___/=/_/_/_/

 :: Spring Boot ::                (v3.3.5)

2026-04-01T10:59:50.393+08:00  INFO 41384 --- [plant-backend] [           main] c.p.b.PlantBackendApplicationTests       : Starting PlantBackendApplicationTests using Java 21.0.10 with PID 41384 (started by Sun in C:\Users\Sun\Desktop\new_Greenly\plant-backend)
2026-04-01T10:59:50.394+08:00 DEBUG 41384 --- [plant-backend] [           main] c.p.b.PlantBackendApplicationTests       : Running with Spring Boot v3.3.5, Spring v6.1.14
2026-04-01T10:59:50.394+08:00  INFO 41384 --- [plant-backend] [           main] c.p.b.PlantBackendApplicationTests       : No active profile set, falling back to 1 default profile: "default"
Logging initialized using 'class org.apache.ibatis.logging.stdout.StdOutImpl' adapter.
Initialization Sequence datacenterId:0 workerId:2
 _ _   |_  _ _|_. ___ _ |    _ 
| | |\/|_)(_| | |_\  |_)||_|_\ 
     /               |         
                        3.5.5 
2026-04-01T10:59:53.063+08:00  WARN 41384 --- [plant-backend] [           main] .s.s.UserDetailsServiceAutoConfiguration : 

Using generated security password: 37fbc960-ada9-4b36-a005-f74617f5d3db

This generated password is for development use only. Your security configuration must be updated before running your application in production.

2026-04-01T10:59:53.090+08:00  INFO 41384 --- [plant-backend] [           main] r$InitializeUserDetailsManagerConfigurer : Global AuthenticationManager configured with UserDetailsService bean with name inMemoryUserDetailsManager
2026-04-01T10:59:53.785+08:00  INFO 41384 --- [plant-backend] [           main] o.s.b.a.e.web.EndpointLinksResolver      : Exposing 1 endpoint beneath base path '/actuator'
2026-04-01T10:59:54.473+08:00  INFO 41384 --- [plant-backend] [           main] c.p.b.PlantBackendApplicationTests       : Started PlantBackendApplicationTests in 4.306 seconds (process running for 5.017)
]]></system-out>
    <system-err><![CDATA[WARNING: A Java agent has been loaded dynamically (C:\Users\Sun\.m2\repository\net\bytebuddy\byte-buddy-agent\1.14.19\byte-buddy-agent-1.14.19.jar)
WARNING: If a serviceability tool is in use, please run with -XX:+EnableDynamicAgentLoading to hide this warning
WARNING: If a serviceability tool is not in use, please run with -Djdk.instrument.traceUsage for more information
WARNING: Dynamic loading of agents will be disallowed by default in a future release
]]></system-err>
  </testcase>
</testsuite>